<?xml version="1.0" encoding="UTF-8"?>
<!-- Generated by org.testng.reporters.JUnitXMLReporter -->
<testsuite ignored="0" hostname="DESKTOP-1E7MQ28" failures="0" tests="1" name="CartTest" time="0.011" errors="0" timestamp="2024-06-03T12:46:54 IST">
  <testcase classname="testcases.CartTest" name="@BeforeMethod setup" time="-1.717399014017E9">
    <failure type="org.testng.TestNGException" message="
Parameter &amp;apos;browser&amp;apos; is required by BeforeMethod on method setup but has not been marked @Optional or defined
in C:\Users\Admin\git\Project\PROJECT_AUTOMATION\allTestCase.xml">
      <![CDATA[org.testng.TestNGException: 
Parameter 'browser' is required by BeforeMethod on method setup but has not been marked @Optional or defined
in C:\Users\Admin\git\Project\PROJECT_AUTOMATION\allTestCase.xml
at java.base/java.util.ArrayList.forEach(ArrayList.java:1596)
... Removed 28 stack frames]]>
    </failure>
  </testcase> <!-- @BeforeMethod setup -->
  <testcase classname="testcases.CartTest" name="@AfterMethod tearDown" time="-1.717399014023E9">
    <skipped/>
  </testcase> <!-- @AfterMethod tearDown -->
  <testcase classname="testcases.CartTest" name="checkCartProductprice" time="0.0">
    <skipped/>
  </testcase> <!-- checkCartProductprice -->
</testsuite> <!-- CartTest -->
