<?xml version="1.0" encoding="UTF-8"?>
<!-- Generated by org.testng.reporters.JUnitXMLReporter -->
<testsuite ignored="0" hostname="DESKTOP-1E7MQ28" failures="0" tests="2" name="ComputerPageTest" time="0.016" errors="0" timestamp="2024-06-03T12:46:54 IST">
  <testcase classname="testcases.ComputerPageTest" name="@BeforeMethod before" time="-1.717399014049E9">
    <failure type="org.testng.TestNGException" message="
Parameter &amp;apos;browser&amp;apos; is required by BeforeMethod on method before but has not been marked @Optional or defined
in C:\Users\Admin\git\Project\PROJECT_AUTOMATION\allTestCase.xml">
      <![CDATA[org.testng.TestNGException: 
Parameter 'browser' is required by BeforeMethod on method before but has not been marked @Optional or defined
in C:\Users\Admin\git\Project\PROJECT_AUTOMATION\allTestCase.xml
at java.base/java.util.ArrayList.forEach(ArrayList.java:1596)
... Removed 28 stack frames]]>
    </failure>
  </testcase> <!-- @BeforeMethod before -->
  <testcase classname="testcases.ComputerPageTest" name="@AfterMethod tearDown" time="-1.717399014049E9">
    <skipped/>
  </testcase> <!-- @AfterMethod tearDown -->
  <testcase classname="testcases.ComputerPageTest" name="@BeforeMethod before" time="-1.717399014049E9">
    <skipped/>
  </testcase> <!-- @BeforeMethod before -->
  <testcase classname="testcases.ComputerPageTest" name="@AfterMethod tearDown" time="-1.717399014065E9">
    <skipped/>
  </testcase> <!-- @AfterMethod tearDown -->
  <testcase classname="testcases.ComputerPageTest" name="checkImageAndTextPresent" time="0.0">
    <skipped/>
  </testcase> <!-- checkImageAndTextPresent -->
  <testcase classname="testcases.ComputerPageTest" name="checkNavigation" time="0.0">
    <skipped/>
  </testcase> <!-- checkNavigation -->
</testsuite> <!-- ComputerPageTest -->
