<?xml version="1.0" encoding="UTF-8"?>
<!-- Generated by org.testng.reporters.JUnitXMLReporter -->
<testsuite ignored="0" hostname="DESKTOP-1E7MQ28" failures="0" tests="1" name="NotebookPageTest" time="0.006" errors="0" timestamp="2024-06-03T12:46:54 IST">
  <testcase classname="testcases.NotebookPageTest" name="@BeforeMethod before" time="-1.717399014032E9">
    <failure type="org.testng.TestNGException" message="
Parameter &amp;apos;browser&amp;apos; is required by BeforeMethod on method before but has not been marked @Optional or defined
in C:\Users\Admin\git\Project\PROJECT_AUTOMATION\allTestCase.xml">
      <![CDATA[org.testng.TestNGException: 
Parameter 'browser' is required by BeforeMethod on method before but has not been marked @Optional or defined
in C:\Users\Admin\git\Project\PROJECT_AUTOMATION\allTestCase.xml
at java.base/java.util.ArrayList.forEach(ArrayList.java:1596)
... Removed 28 stack frames]]>
    </failure>
  </testcase> <!-- @BeforeMethod before -->
  <testcase classname="testcases.NotebookPageTest" name="@AfterMethod tearDown" time="-1.717399014037E9">
    <skipped/>
  </testcase> <!-- @AfterMethod tearDown -->
  <testcase classname="testcases.NotebookPageTest" name="computerTest" time="0.0">
    <skipped/>
  </testcase> <!-- computerTest -->
</testsuite> <!-- NotebookPageTest -->
